<?xml version="1.0" encoding="UTF-8"?>
<coverage generated="1547076579568" clover="3.2.0">
  <project timestamp="1547076579568" name="All files">
    <metrics statements="29" coveredstatements="29" conditionals="5" coveredconditionals="5" methods="11" coveredmethods="11" elements="45" coveredelements="45" complexity="0" loc="29" ncloc="29" packages="2" files="2" classes="2">
      <package name="src">
        <metrics statements="21" coveredstatements="21" conditionals="2" coveredconditionals="2" methods="8" coveredmethods="8"/>
        <file name="index.js" path="C:\dev\semantic-validation\src\index.js">
          <metrics statements="21" coveredstatements="21" conditionals="2" coveredconditionals="2" methods="8" coveredmethods="8"/>
          <line num="3" count="1" type="stmt"/>
          <line num="9" count="1" type="stmt"/>
          <line num="11" count="7" type="stmt"/>
          <line num="19" count="7" type="stmt"/>
          <line num="20" count="7" type="stmt"/>
          <line num="21" count="7" type="stmt"/>
          <line num="24" count="1" type="stmt"/>
          <line num="25" count="1" type="stmt"/>
          <line num="28" count="1" type="stmt"/>
          <line num="29" count="7" type="stmt"/>
          <line num="30" count="7" type="stmt"/>
          <line num="33" count="1" type="stmt"/>
          <line num="34" count="1" type="stmt"/>
          <line num="35" count="1" type="stmt"/>
          <line num="38" count="1" type="stmt"/>
          <line num="39" count="7" type="stmt"/>
          <line num="40" count="7" type="cond" truecount="2" falsecount="0"/>
          <line num="41" count="4" type="stmt"/>
          <line num="45" count="7" type="stmt"/>
          <line num="51" count="1" type="stmt"/>
          <line num="54" count="1" type="stmt"/>
        </file>
      </package>
      <package name="src.stringValidation">
        <metrics statements="8" coveredstatements="8" conditionals="3" coveredconditionals="3" methods="3" coveredmethods="3"/>
        <file name="shouldContain.js" path="C:\dev\semantic-validation\src\stringValidation\shouldContain.js">
          <metrics statements="8" coveredstatements="8" conditionals="3" coveredconditionals="3" methods="3" coveredmethods="3"/>
          <line num="2" count="1" type="cond" truecount="1" falsecount="0"/>
          <line num="3" count="7" type="stmt"/>
          <line num="4" count="7" type="cond" truecount="2" falsecount="0"/>
          <line num="5" count="1" type="stmt"/>
          <line num="8" count="6" type="stmt"/>
          <line num="11" count="7" type="stmt"/>
          <line num="12" count="7" type="stmt"/>
          <line num="16" count="1" type="stmt"/>
        </file>
      </package>
    </metrics>
  </project>
</coverage>
