{"C:\\dev\\semantic-validation\\src\\index.js": {"path":"C:\\dev\\semantic-validation\\src\\index.js","statementMap":{"0":{"start":{"line":3,"column":14},"end":{"line":3,"column":59}},"1":{"start":{"line":9,"column":26},"end":{"line":52,"column":4}},"2":{"start":{"line":11,"column":4},"end":{"line":15,"column":7}},"3":{"start":{"line":19,"column":4},"end":{"line":19,"column":16}},"4":{"start":{"line":20,"column":4},"end":{"line":20,"column":25}},"5":{"start":{"line":21,"column":4},"end":{"line":21,"column":23}},"6":{"start":{"line":24,"column":2},"end":{"line":26,"column":5}},"7":{"start":{"line":25,"column":4},"end":{"line":25,"column":37}},"8":{"start":{"line":28,"column":2},"end":{"line":31,"column":4}},"9":{"start":{"line":29,"column":4},"end":{"line":29,"column":23}},"10":{"start":{"line":30,"column":4},"end":{"line":30,"column":16}},"11":{"start":{"line":33,"column":2},"end":{"line":36,"column":4}},"12":{"start":{"line":34,"column":4},"end":{"line":34,"column":71}},"13":{"start":{"line":35,"column":4},"end":{"line":35,"column":16}},"14":{"start":{"line":38,"column":2},"end":{"line":49,"column":4}},"15":{"start":{"line":39,"column":4},"end":{"line":43,"column":7}},"16":{"start":{"line":40,"column":6},"end":{"line":42,"column":7}},"17":{"start":{"line":41,"column":8},"end":{"line":41,"column":34}},"18":{"start":{"line":45,"column":4},"end":{"line":48,"column":6}},"19":{"start":{"line":51,"column":2},"end":{"line":51,"column":27}},"20":{"start":{"line":54,"column":0},"end":{"line":54,"column":35}}},"fnMap":{"0":{"name":"(anonymous_0)","decl":{"start":{"line":9,"column":27},"end":{"line":9,"column":28}},"loc":{"start":{"line":9,"column":38},"end":{"line":52,"column":1}},"line":9},"1":{"name":"addRule","decl":{"start":{"line":10,"column":11},"end":{"line":10,"column":18}},"loc":{"start":{"line":10,"column":34},"end":{"line":16,"column":3}},"line":10},"2":{"name":"SemanticValidator","decl":{"start":{"line":18,"column":11},"end":{"line":18,"column":28}},"loc":{"start":{"line":18,"column":31},"end":{"line":22,"column":3}},"line":18},"3":{"name":"(anonymous_3)","decl":{"start":{"line":24,"column":16},"end":{"line":24,"column":17}},"loc":{"start":{"line":24,"column":24},"end":{"line":26,"column":3}},"line":24},"4":{"name":"(anonymous_4)","decl":{"start":{"line":28,"column":43},"end":{"line":28,"column":44}},"loc":{"start":{"line":28,"column":58},"end":{"line":31,"column":3}},"line":28},"5":{"name":"(anonymous_5)","decl":{"start":{"line":33,"column":40},"end":{"line":33,"column":41}},"loc":{"start":{"line":33,"column":63},"end":{"line":36,"column":3}},"line":33},"6":{"name":"(anonymous_6)","decl":{"start":{"line":38,"column":41},"end":{"line":38,"column":42}},"loc":{"start":{"line":38,"column":55},"end":{"line":49,"column":3}},"line":38},"7":{"name":"(anonymous_7)","decl":{"start":{"line":39,"column":28},"end":{"line":39,"column":29}},"loc":{"start":{"line":39,"column":36},"end":{"line":43,"column":5}},"line":39}},"branchMap":{"0":{"loc":{"start":{"line":40,"column":6},"end":{"line":42,"column":7}},"type":"if","locations":[{"start":{"line":40,"column":6},"end":{"line":42,"column":7}},{"start":{"line":40,"column":6},"end":{"line":42,"column":7}}],"line":40}},"s":{"0":1,"1":1,"2":7,"3":7,"4":7,"5":7,"6":1,"7":1,"8":1,"9":7,"10":7,"11":1,"12":1,"13":1,"14":1,"15":7,"16":7,"17":4,"18":7,"19":1,"20":1},"f":{"0":1,"1":7,"2":7,"3":1,"4":7,"5":1,"6":7,"7":7},"b":{"0":[4,3]},"_coverageSchema":"332fd63041d2c1bcb487cc26dd0d5f7d97098a6c","hash":"0726c894ea63b95cbbcfce383422eface6a89dea"}
,"C:\\dev\\semantic-validation\\src\\stringValidation\\shouldContain.js": {"path":"C:\\dev\\semantic-validation\\src\\stringValidation\\shouldContain.js","statementMap":{"0":{"start":{"line":2,"column":2},"end":{"line":13,"column":4}},"1":{"start":{"line":3,"column":15},"end":{"line":9,"column":5}},"2":{"start":{"line":4,"column":6},"end":{"line":6,"column":7}},"3":{"start":{"line":5,"column":8},"end":{"line":5,"column":64}},"4":{"start":{"line":8,"column":6},"end":{"line":8,"column":34}},"5":{"start":{"line":11,"column":4},"end":{"line":11,"column":44}},"6":{"start":{"line":12,"column":4},"end":{"line":12,"column":16}},"7":{"start":{"line":16,"column":0},"end":{"line":16,"column":31}}},"fnMap":{"0":{"name":"shouldContain","decl":{"start":{"line":1,"column":9},"end":{"line":1,"column":22}},"loc":{"start":{"line":1,"column":43},"end":{"line":14,"column":1}},"line":1},"1":{"name":"(anonymous_1)","decl":{"start":{"line":2,"column":38},"end":{"line":2,"column":39}},"loc":{"start":{"line":2,"column":75},"end":{"line":13,"column":3}},"line":2},"2":{"name":"(anonymous_2)","decl":{"start":{"line":3,"column":15},"end":{"line":3,"column":16}},"loc":{"start":{"line":3,"column":31},"end":{"line":9,"column":5}},"line":3}},"branchMap":{"0":{"loc":{"start":{"line":2,"column":53},"end":{"line":2,"column":73}},"type":"default-arg","locations":[{"start":{"line":2,"column":69},"end":{"line":2,"column":73}}],"line":2},"1":{"loc":{"start":{"line":4,"column":6},"end":{"line":6,"column":7}},"type":"if","locations":[{"start":{"line":4,"column":6},"end":{"line":6,"column":7}},{"start":{"line":4,"column":6},"end":{"line":6,"column":7}}],"line":4}},"s":{"0":1,"1":7,"2":7,"3":1,"4":6,"5":7,"6":7,"7":1},"f":{"0":1,"1":7,"2":7},"b":{"0":[6],"1":[1,6]},"_coverageSchema":"332fd63041d2c1bcb487cc26dd0d5f7d97098a6c","hash":"fec42d247495309e37dd72cb041c539fe696c1cf"}
}
