{"C:\\dev\\semantic-validation\\index.js": {"path":"C:\\dev\\semantic-validation\\index.js","statementMap":{"0":{"start":{"line":4,"column":2},"end":{"line":4,"column":21}},"1":{"start":{"line":5,"column":2},"end":{"line":5,"column":19}},"2":{"start":{"line":6,"column":2},"end":{"line":6,"column":28}},"3":{"start":{"line":7,"column":2},"end":{"line":7,"column":26}},"4":{"start":{"line":10,"column":0},"end":{"line":13,"column":2}},"5":{"start":{"line":11,"column":2},"end":{"line":11,"column":26}},"6":{"start":{"line":12,"column":2},"end":{"line":12,"column":14}},"7":{"start":{"line":15,"column":0},"end":{"line":32,"column":2}},"8":{"start":{"line":19,"column":13},"end":{"line":25,"column":3}},"9":{"start":{"line":20,"column":4},"end":{"line":22,"column":5}},"10":{"start":{"line":21,"column":6},"end":{"line":21,"column":62}},"11":{"start":{"line":24,"column":4},"end":{"line":24,"column":32}},"12":{"start":{"line":26,"column":2},"end":{"line":30,"column":5}},"13":{"start":{"line":31,"column":2},"end":{"line":31,"column":14}},"14":{"start":{"line":34,"column":0},"end":{"line":37,"column":2}},"15":{"start":{"line":35,"column":2},"end":{"line":35,"column":79}},"16":{"start":{"line":36,"column":2},"end":{"line":36,"column":14}},"17":{"start":{"line":39,"column":0},"end":{"line":67,"column":2}},"18":{"start":{"line":40,"column":21},"end":{"line":40,"column":23}},"19":{"start":{"line":41,"column":2},"end":{"line":47,"column":5}},"20":{"start":{"line":42,"column":4},"end":{"line":46,"column":5}},"21":{"start":{"line":43,"column":6},"end":{"line":43,"column":55}},"22":{"start":{"line":45,"column":6},"end":{"line":45,"column":32}},"23":{"start":{"line":49,"column":2},"end":{"line":61,"column":5}},"24":{"start":{"line":50,"column":16},"end":{"line":50,"column":21}},"25":{"start":{"line":51,"column":4},"end":{"line":56,"column":5}},"26":{"start":{"line":52,"column":6},"end":{"line":55,"column":7}},"27":{"start":{"line":53,"column":8},"end":{"line":53,"column":21}},"28":{"start":{"line":54,"column":8},"end":{"line":54,"column":14}},"29":{"start":{"line":58,"column":4},"end":{"line":60,"column":5}},"30":{"start":{"line":59,"column":6},"end":{"line":59,"column":68}},"31":{"start":{"line":63,"column":2},"end":{"line":66,"column":4}},"32":{"start":{"line":69,"column":0},"end":{"line":72,"column":2}},"33":{"start":{"line":70,"column":2},"end":{"line":70,"column":66}},"34":{"start":{"line":71,"column":2},"end":{"line":71,"column":14}},"35":{"start":{"line":74,"column":0},"end":{"line":74,"column":35}}},"fnMap":{"0":{"name":"SemanticValidator","decl":{"start":{"line":3,"column":9},"end":{"line":3,"column":26}},"loc":{"start":{"line":3,"column":29},"end":{"line":8,"column":1}},"line":3},"1":{"name":"(anonymous_1)","decl":{"start":{"line":10,"column":38},"end":{"line":10,"column":39}},"loc":{"start":{"line":10,"column":53},"end":{"line":13,"column":1}},"line":10},"2":{"name":"(anonymous_2)","decl":{"start":{"line":15,"column":44},"end":{"line":15,"column":45}},"loc":{"start":{"line":18,"column":2},"end":{"line":32,"column":1}},"line":18},"3":{"name":"(anonymous_3)","decl":{"start":{"line":19,"column":13},"end":{"line":19,"column":14}},"loc":{"start":{"line":19,"column":29},"end":{"line":25,"column":3}},"line":19},"4":{"name":"(anonymous_4)","decl":{"start":{"line":34,"column":38},"end":{"line":34,"column":39}},"loc":{"start":{"line":34,"column":61},"end":{"line":37,"column":1}},"line":34},"5":{"name":"(anonymous_5)","decl":{"start":{"line":39,"column":39},"end":{"line":39,"column":40}},"loc":{"start":{"line":39,"column":53},"end":{"line":67,"column":1}},"line":39},"6":{"name":"(anonymous_6)","decl":{"start":{"line":41,"column":31},"end":{"line":41,"column":32}},"loc":{"start":{"line":41,"column":48},"end":{"line":47,"column":3}},"line":41},"7":{"name":"(anonymous_7)","decl":{"start":{"line":49,"column":23},"end":{"line":49,"column":24}},"loc":{"start":{"line":49,"column":38},"end":{"line":61,"column":3}},"line":49},"8":{"name":"(anonymous_8)","decl":{"start":{"line":69,"column":33},"end":{"line":69,"column":34}},"loc":{"start":{"line":69,"column":44},"end":{"line":72,"column":1}},"line":69}},"branchMap":{"0":{"loc":{"start":{"line":17,"column":2},"end":{"line":17,"column":22}},"type":"default-arg","locations":[{"start":{"line":17,"column":18},"end":{"line":17,"column":22}}],"line":17},"1":{"loc":{"start":{"line":20,"column":4},"end":{"line":22,"column":5}},"type":"if","locations":[{"start":{"line":20,"column":4},"end":{"line":22,"column":5}},{"start":{"line":20,"column":4},"end":{"line":22,"column":5}}],"line":20},"2":{"loc":{"start":{"line":42,"column":4},"end":{"line":46,"column":5}},"type":"if","locations":[{"start":{"line":42,"column":4},"end":{"line":46,"column":5}},{"start":{"line":42,"column":4},"end":{"line":46,"column":5}}],"line":42},"3":{"loc":{"start":{"line":42,"column":8},"end":{"line":42,"column":77}},"type":"binary-expr","locations":[{"start":{"line":42,"column":8},"end":{"line":42,"column":39}},{"start":{"line":42,"column":43},"end":{"line":42,"column":77}}],"line":42},"4":{"loc":{"start":{"line":52,"column":6},"end":{"line":55,"column":7}},"type":"if","locations":[{"start":{"line":52,"column":6},"end":{"line":55,"column":7}},{"start":{"line":52,"column":6},"end":{"line":55,"column":7}}],"line":52},"5":{"loc":{"start":{"line":58,"column":4},"end":{"line":60,"column":5}},"type":"if","locations":[{"start":{"line":58,"column":4},"end":{"line":60,"column":5}},{"start":{"line":58,"column":4},"end":{"line":60,"column":5}}],"line":58}},"s":{"0":10,"1":10,"2":10,"3":10,"4":2,"5":10,"6":10,"7":2,"8":13,"9":12,"10":1,"11":11,"12":13,"13":13,"14":2,"15":1,"16":1,"17":2,"18":10,"19":10,"20":13,"21":3,"22":10,"23":10,"24":10,"25":10,"26":12,"27":5,"28":5,"29":10,"30":5,"31":10,"32":2,"33":3,"34":3,"35":2},"f":{"0":10,"1":10,"2":13,"3":12,"4":1,"5":10,"6":13,"7":10,"8":3},"b":{"0":[12],"1":[1,11],"2":[3,10],"3":[13,3],"4":[5,7],"5":[5,5]},"_coverageSchema":"332fd63041d2c1bcb487cc26dd0d5f7d97098a6c","hash":"43345863cbadba15755c09f03cbf972ac4f09470"}
}
