TN:
SF:C:\dev\semantic-validation\src\index.js
FN:5,(anonymous_0)
FN:10,addRule
FN:18,SemanticValidator
FN:24,(anonymous_3)
FN:28,(anonymous_4)
FN:33,(anonymous_5)
FN:38,(anonymous_6)
FN:39,(anonymous_7)
FNF:8
FNH:8
FNDA:1,(anonymous_0)
FNDA:7,addRule
FNDA:7,SemanticValidator
FNDA:1,(anonymous_3)
FNDA:7,(anonymous_4)
FNDA:1,(anonymous_5)
FNDA:7,(anonymous_6)
FNDA:7,(anonymous_7)
DA:3,1
DA:5,1
DA:11,7
DA:19,7
DA:20,7
DA:21,7
DA:24,1
DA:25,1
DA:28,1
DA:29,7
DA:30,7
DA:33,1
DA:34,1
DA:35,1
DA:38,1
DA:39,7
DA:40,7
DA:41,4
DA:45,7
DA:51,1
DA:54,1
LF:21
LH:21
BRDA:40,0,0,4
BRDA:40,0,1,3
BRF:2
BRH:2
end_of_record
TN:
SF:C:\dev\semantic-validation\src\stringValidation\shouldContain.js
FN:1,shouldContain
FN:2,(anonymous_1)
FN:3,(anonymous_2)
FNF:3
FNH:3
FNDA:1,shouldContain
FNDA:7,(anonymous_1)
FNDA:7,(anonymous_2)
DA:2,1
DA:3,7
DA:4,7
DA:5,1
DA:8,6
DA:11,7
DA:12,7
DA:16,1
LF:8
LH:8
BRDA:2,0,0,6
BRDA:4,1,0,1
BRDA:4,1,1,6
BRF:3
BRH:3
end_of_record
