TN:
SF:C:\dev\semantic-validation\index.js
FN:3,SemanticValidator
FN:10,(anonymous_1)
FN:15,(anonymous_2)
FN:19,(anonymous_3)
FN:34,(anonymous_4)
FN:39,(anonymous_5)
FN:41,(anonymous_6)
FN:49,(anonymous_7)
FN:69,(anonymous_8)
FNF:9
FNH:9
FNDA:10,SemanticValidator
FNDA:10,(anonymous_1)
FNDA:13,(anonymous_2)
FNDA:12,(anonymous_3)
FNDA:1,(anonymous_4)
FNDA:10,(anonymous_5)
FNDA:13,(anonymous_6)
FNDA:10,(anonymous_7)
FNDA:3,(anonymous_8)
DA:4,10
DA:5,10
DA:6,10
DA:7,10
DA:10,2
DA:11,10
DA:12,10
DA:15,2
DA:19,13
DA:20,12
DA:21,1
DA:24,11
DA:26,13
DA:31,13
DA:34,2
DA:35,1
DA:36,1
DA:39,2
DA:40,10
DA:41,10
DA:42,13
DA:43,3
DA:45,10
DA:49,10
DA:50,10
DA:51,10
DA:52,12
DA:53,5
DA:54,5
DA:58,10
DA:59,5
DA:63,10
DA:69,2
DA:70,3
DA:71,3
DA:74,2
LF:36
LH:36
BRDA:17,0,0,12
BRDA:20,1,0,1
BRDA:20,1,1,11
BRDA:42,2,0,3
BRDA:42,2,1,10
BRDA:42,3,0,13
BRDA:42,3,1,3
BRDA:52,4,0,5
BRDA:52,4,1,7
BRDA:58,5,0,5
BRDA:58,5,1,5
BRF:11
BRH:11
end_of_record
